<?xml version="1.0" encoding="UTF-8"?>
<testsuite name="runners.CreacionDePedidoRunner" tests="5" skipped="0" failures="0" errors="0" timestamp="2026-01-13T03:57:24" hostname="TACSUNE" time="23.657">
  <properties/>
  <testcase name="Mesero crea pedido con una bebida para una mesa disponible" classname="runners.CreacionDePedidoRunner" time="5.428"/>
  <testcase name="Mesero crea pedido mixto con bebida, plato caliente y ensalada" classname="runners.CreacionDePedidoRunner" time="5.213"/>
  <testcase name="Mesero agrega el mismo producto varias veces" classname="runners.CreacionDePedidoRunner" time="5.114"/>
  <testcase name="Sistema valida que el pedido tenga al menos un producto" classname="runners.CreacionDePedidoRunner" time="3.425"/>
  <testcase name="Sistema valida que se haya seleccionado una mesa" classname="runners.CreacionDePedidoRunner" time="4.477"/>
  <system-out><![CDATA[]]></system-out>
  <system-err><![CDATA[ene. 12, 2026 10:57:25 P. M. org.openqa.selenium.devtools.CdpVersionFinder findNearestMatch
WARNING: Unable to find CDP implementation matching 143
ene. 12, 2026 10:57:25 P. M. org.openqa.selenium.chromium.ChromiumDriver lambda$new$5
WARNING: Unable to find version of CDP to use for 143.0.7499.193. You may need to include a dependency on a specific version of the CDP using something similar to `org.seleniumhq.selenium:selenium-devtools-v86:4.23.1` where the version ("v86") matches the version of the chromium-based browser you're using and the version number of the artifact is the same as Selenium's.
ene. 12, 2026 10:57:30 P. M. org.openqa.selenium.devtools.CdpVersionFinder findNearestMatch
WARNING: Unable to find CDP implementation matching 143
ene. 12, 2026 10:57:30 P. M. org.openqa.selenium.chromium.ChromiumDriver lambda$new$5
WARNING: Unable to find version of CDP to use for 143.0.7499.193. You may need to include a dependency on a specific version of the CDP using something similar to `org.seleniumhq.selenium:selenium-devtools-v86:4.23.1` where the version ("v86") matches the version of the chromium-based browser you're using and the version number of the artifact is the same as Selenium's.
ene. 12, 2026 10:57:35 P. M. org.openqa.selenium.devtools.CdpVersionFinder findNearestMatch
WARNING: Unable to find CDP implementation matching 143
ene. 12, 2026 10:57:35 P. M. org.openqa.selenium.chromium.ChromiumDriver lambda$new$5
WARNING: Unable to find version of CDP to use for 143.0.7499.193. You may need to include a dependency on a specific version of the CDP using something similar to `org.seleniumhq.selenium:selenium-devtools-v86:4.23.1` where the version ("v86") matches the version of the chromium-based browser you're using and the version number of the artifact is the same as Selenium's.
ene. 12, 2026 10:57:41 P. M. org.openqa.selenium.devtools.CdpVersionFinder findNearestMatch
WARNING: Unable to find CDP implementation matching 143
ene. 12, 2026 10:57:41 P. M. org.openqa.selenium.chromium.ChromiumDriver lambda$new$5
WARNING: Unable to find version of CDP to use for 143.0.7499.193. You may need to include a dependency on a specific version of the CDP using something similar to `org.seleniumhq.selenium:selenium-devtools-v86:4.23.1` where the version ("v86") matches the version of the chromium-based browser you're using and the version number of the artifact is the same as Selenium's.
ene. 12, 2026 10:57:44 P. M. org.openqa.selenium.devtools.CdpVersionFinder findNearestMatch
WARNING: Unable to find CDP implementation matching 143
ene. 12, 2026 10:57:44 P. M. org.openqa.selenium.chromium.ChromiumDriver lambda$new$5
WARNING: Unable to find version of CDP to use for 143.0.7499.193. You may need to include a dependency on a specific version of the CDP using something similar to `org.seleniumhq.selenium:selenium-devtools-v86:4.23.1` where the version ("v86") matches the version of the chromium-based browser you're using and the version number of the artifact is the same as Selenium's.
]]></system-err>
</testsuite>
