<?xml version="1.0" encoding="UTF-8"?>
<testsuite name="runners.ModificacionDePedidoRunner" tests="4" skipped="0" failures="0" errors="0" timestamp="2026-01-13T04:13:44" hostname="TACSUNE" time="56.765">
  <properties/>
  <testcase name="Mesero elimina un producto que el cliente ya no desea" classname="runners.ModificacionDePedidoRunner" time="14.913"/>
  <testcase name="Cliente solicita menos unidades de un producto" classname="runners.ModificacionDePedidoRunner" time="4.081"/>
  <testcase name="Cliente cancela completamente un producto" classname="runners.ModificacionDePedidoRunner" time="33.674"/>
  <testcase name="Mesero modifica pedido múltiples veces antes de enviar" classname="runners.ModificacionDePedidoRunner" time="4.097"/>
  <system-out><![CDATA[]]></system-out>
  <system-err><![CDATA[ene. 12, 2026 11:13:45 P. M. org.openqa.selenium.devtools.CdpVersionFinder findNearestMatch
WARNING: Unable to find CDP implementation matching 143
ene. 12, 2026 11:13:45 P. M. org.openqa.selenium.chromium.ChromiumDriver lambda$new$5
WARNING: Unable to find version of CDP to use for 143.0.7499.193. You may need to include a dependency on a specific version of the CDP using something similar to `org.seleniumhq.selenium:selenium-devtools-v86:4.23.1` where the version ("v86") matches the version of the chromium-based browser you're using and the version number of the artifact is the same as Selenium's.
ene. 12, 2026 11:14:00 P. M. org.openqa.selenium.devtools.CdpVersionFinder findNearestMatch
WARNING: Unable to find CDP implementation matching 143
ene. 12, 2026 11:14:00 P. M. org.openqa.selenium.chromium.ChromiumDriver lambda$new$5
WARNING: Unable to find version of CDP to use for 143.0.7499.193. You may need to include a dependency on a specific version of the CDP using something similar to `org.seleniumhq.selenium:selenium-devtools-v86:4.23.1` where the version ("v86") matches the version of the chromium-based browser you're using and the version number of the artifact is the same as Selenium's.
ene. 12, 2026 11:14:04 P. M. org.openqa.selenium.devtools.CdpVersionFinder findNearestMatch
WARNING: Unable to find CDP implementation matching 143
ene. 12, 2026 11:14:04 P. M. org.openqa.selenium.chromium.ChromiumDriver lambda$new$5
WARNING: Unable to find version of CDP to use for 143.0.7499.193. You may need to include a dependency on a specific version of the CDP using something similar to `org.seleniumhq.selenium:selenium-devtools-v86:4.23.1` where the version ("v86") matches the version of the chromium-based browser you're using and the version number of the artifact is the same as Selenium's.
ene. 12, 2026 11:14:37 P. M. org.openqa.selenium.devtools.CdpVersionFinder findNearestMatch
WARNING: Unable to find CDP implementation matching 143
ene. 12, 2026 11:14:37 P. M. org.openqa.selenium.chromium.ChromiumDriver lambda$new$5
WARNING: Unable to find version of CDP to use for 143.0.7499.193. You may need to include a dependency on a specific version of the CDP using something similar to `org.seleniumhq.selenium:selenium-devtools-v86:4.23.1` where the version ("v86") matches the version of the chromium-based browser you're using and the version number of the artifact is the same as Selenium's.
]]></system-err>
</testsuite>
