<?xml version="1.0" encoding="UTF-8"?>
<testsuite name="runners.TestRunnerCargaDinamica" tests="1" skipped="0" failures="1" errors="0" timestamp="2025-12-30T19:51:57" hostname="TACSUNE" time="4.646">
  <properties/>
  <testcase name="Espera implícita al buscar elemento que se agrega al DOM después de un delay" classname="runners.TestRunnerCargaDinamica" time="4.646">
    <failure message="java.lang.AssertionError: &#13;&#10;Expected: &quot;Hello World!&quot;&#13;&#10;     but: was &quot;&quot;" type="java.lang.AssertionError">java.lang.AssertionError: 
Expected: &quot;Hello World!&quot;
     but: was &quot;&quot;
	at net.serenitybdd.screenplay.ErrorTally.throwSummaryExceptionFrom(ErrorTally.java:38)
	at net.serenitybdd.screenplay.ErrorTally.reportAnyErrors(ErrorTally.java:32)
	at net.serenitybdd.screenplay.Actor.should(Actor.java:397)
	at stepdefinitions.CargaDinamicaStepDefinition.debeAparecerElMensaje(CargaDinamicaStepDefinition.java:38)
	at ✽.debe aparecer el mensaje &quot;Hello World!&quot;(classpath:features/carga_dinamica.feature:11)
</failure>
  </testcase>
  <system-out><![CDATA[
Escenario: Espera implÃ­cita al buscar elemento que se agrega al DOM despuÃ©s de un delay ?[90m# features/carga_dinamica.feature:8?[0m
  ?[32mDado ?[0m?[32mque el usuario abre la pagina de carga dinamica?[0m                                  ?[90m# stepdefinitions.CargaDinamicaStepDefinition.queElUsuarioAbreLaPaginaDeCargaDinamica()?[0m
  ?[32mCuando ?[0m?[32mel usuario hace clic en el boton de inicio?[0m                                     ?[90m# stepdefinitions.CargaDinamicaStepDefinition.elUsuarioHaceClicEnElBotonDeInicio()?[0m
  ?[31mEntonces ?[0m?[31mdebe aparecer el mensaje ?[0m?[31m?[1m"Hello World!"?[0m                                      ?[90m# stepdefinitions.CargaDinamicaStepDefinition.debeAparecerElMensaje(java.lang.String)?[0m
      ?[31mjava.lang.AssertionError: 
Expected: "Hello World!"
     but: was ""
	at net.serenitybdd.screenplay.ErrorTally.throwSummaryExceptionFrom(ErrorTally.java:38)
	at net.serenitybdd.screenplay.ErrorTally.reportAnyErrors(ErrorTally.java:32)
	at net.serenitybdd.screenplay.Actor.should(Actor.java:397)
	at stepdefinitions.CargaDinamicaStepDefinition.debeAparecerElMensaje(CargaDinamicaStepDefinition.java:38)
	at âœ½.debe aparecer el mensaje "Hello World!"(classpath:features/carga_dinamica.feature:11)
?[0m
]]></system-out>
  <system-err><![CDATA[dic. 30, 2025 2:51:58 P. M. org.openqa.selenium.devtools.CdpVersionFinder findNearestMatch
WARNING: Unable to find CDP implementation matching 143
dic. 30, 2025 2:51:58 P. M. org.openqa.selenium.chromium.ChromiumDriver lambda$new$5
WARNING: Unable to find version of CDP to use for 143.0.7499.170. You may need to include a dependency on a specific version of the CDP using something similar to `org.seleniumhq.selenium:selenium-devtools-v86:4.23.1` where the version ("v86") matches the version of the chromium-based browser you're using and the version number of the artifact is the same as Selenium's.
]]></system-err>
</testsuite>
