<?xml version="1.0" encoding="UTF-8"?>
<testsuite name="runners.TestRunnerCargaDinamica" tests="6" skipped="0" failures="0" errors="0" timestamp="2026-01-13T03:47:19" hostname="TACSUNE" time="26.632">
  <properties/>
  <testcase name="Mesero crea pedido con una bebida para una mesa disponible" classname="runners.TestRunnerCargaDinamica" time="5.298"/>
  <testcase name="Mesero crea pedido mixto con bebida, plato caliente y ensalada" classname="runners.TestRunnerCargaDinamica" time="6.689"/>
  <testcase name="Mesero agrega el mismo producto varias veces" classname="runners.TestRunnerCargaDinamica" time="5.916"/>
  <testcase name="Sistema valida que el pedido tenga al menos un producto" classname="runners.TestRunnerCargaDinamica" time="0.016"/>
  <testcase name="Sistema valida que se haya seleccionado una mesa" classname="runners.TestRunnerCargaDinamica" time="0.012"/>
  <testcase name="Espera implícita al buscar elemento que se agrega al DOM después de un delay" classname="runners.TestRunnerCargaDinamica" time="8.7"/>
  <system-out><![CDATA[
@escenario1 @smoke
Escenario: Mesero crea pedido con una bebida para una mesa disponible ?[90m# features/HU_QA_001_CreacionDePedido.feature:8?[0m
  ?[32mDado ?[0m?[32mque el mesero accede al sistema de gestiÃ³n de pedidos?[0m          ?[90m# stepdefinitions.CreacionDePedidoStepDefinitions.queMeseroAccedeAlSistema()?[0m
  ?[32mY ?[0m?[32mexiste al menos una mesa disponible?[0m                               ?[90m# stepdefinitions.CreacionDePedidoStepDefinitions.existeAlMenosUnaMesaDisponible()?[0m
  ?[32mCuando ?[0m?[32mel mesero selecciona la primera mesa disponible?[0m              ?[90m# stepdefinitions.CreacionDePedidoStepDefinitions.elMeseroSeleccionaLaPrimeraMesaDisponible()?[0m
  ?[32mY ?[0m?[32mel mesero agrega el producto ?[0m?[32m?[1m"Gin Tonic Premium"?[0m?[32m al pedido?[0m        ?[90m# stepdefinitions.CreacionDePedidoStepDefinitions.elMeseroAgregaElProducto(java.lang.String)?[0m
  ?[32mEntonces ?[0m?[32mel sistema debe mostrar el producto en el resumen de orden?[0m ?[90m# stepdefinitions.CreacionDePedidoStepDefinitions.elSistemaDebeMostrarElProductoEnElResumen()?[0m
  ?[32mY ?[0m?[32mel total de items debe ser ?[0m?[32m?[1m"1"?[0m                                    ?[90m# stepdefinitions.CreacionDePedidoStepDefinitions.elTotalDeItemsDebeSer(java.lang.String)?[0m
  ?[32mCuando ?[0m?[32mel mesero envÃ­a el pedido a cocina?[0m                           ?[90m# stepdefinitions.CreacionDePedidoStepDefinitions.elMeseroEnviaElPedidoACocina()?[0m
  ?[32mEntonces ?[0m?[32mel sistema debe confirmar que el pedido fue recibido?[0m       ?[90m# stepdefinitions.CreacionDePedidoStepDefinitions.elSistemaDebeConfirmarQuePedidoFueRecibido()?[0m

@escenario2
Escenario: Mesero crea pedido mixto con bebida, plato caliente y ensalada ?[90m# features/HU_QA_001_CreacionDePedido.feature:19?[0m
  ?[32mDado ?[0m?[32mque el mesero accede al sistema de gestiÃ³n de pedidos?[0m              ?[90m# stepdefinitions.CreacionDePedidoStepDefinitions.queMeseroAccedeAlSistema()?[0m
  ?[32mY ?[0m?[32mexiste al menos una mesa disponible?[0m                                   ?[90m# stepdefinitions.CreacionDePedidoStepDefinitions.existeAlMenosUnaMesaDisponible()?[0m
  ?[32mCuando ?[0m?[32mel mesero selecciona la primera mesa disponible?[0m                  ?[90m# stepdefinitions.CreacionDePedidoStepDefinitions.elMeseroSeleccionaLaPrimeraMesaDisponible()?[0m
  ?[32mY ?[0m?[32mel mesero agrega el producto ?[0m?[32m?[1m"Gin Tonic Premium"?[0m?[32m al pedido?[0m            ?[90m# stepdefinitions.CreacionDePedidoStepDefinitions.elMeseroAgregaElProducto(java.lang.String)?[0m
  ?[32mY ?[0m?[32mel mesero agrega el producto ?[0m?[32m?[1m"Solomillo Wellington"?[0m?[32m al pedido?[0m         ?[90m# stepdefinitions.CreacionDePedidoStepDefinitions.elMeseroAgregaElProducto(java.lang.String)?[0m
  ?[32mY ?[0m?[32mel mesero agrega el producto ?[0m?[32m?[1m"Ensalada de Burrata"?[0m?[32m al pedido?[0m          ?[90m# stepdefinitions.CreacionDePedidoStepDefinitions.elMeseroAgregaElProducto(java.lang.String)?[0m
  ?[32mEntonces ?[0m?[32mel resumen debe mostrar ?[0m?[32m?[1m3?[0m?[32m productos diferentes?[0m                 ?[90m# stepdefinitions.CreacionDePedidoStepDefinitions.elResumenDebeMostrarProductosDiferentes(java.lang.Integer)?[0m
  ?[32mY ?[0m?[32mel total de items debe ser ?[0m?[32m?[1m"3"?[0m                                        ?[90m# stepdefinitions.CreacionDePedidoStepDefinitions.elTotalDeItemsDebeSer(java.lang.String)?[0m
  ?[32mCuando ?[0m?[32mel mesero envÃ­a el pedido a cocina?[0m                               ?[90m# stepdefinitions.CreacionDePedidoStepDefinitions.elMeseroEnviaElPedidoACocina()?[0m
  ?[32mEntonces ?[0m?[32mel sistema debe confirmar que el pedido fue recibido?[0m           ?[90m# stepdefinitions.CreacionDePedidoStepDefinitions.elSistemaDebeConfirmarQuePedidoFueRecibido()?[0m

@escenario3
Escenario: Mesero agrega el mismo producto varias veces                               ?[90m# features/HU_QA_001_CreacionDePedido.feature:32?[0m
  ?[32mDado ?[0m?[32mque el mesero accede al sistema de gestiÃ³n de pedidos?[0m                          ?[90m# stepdefinitions.CreacionDePedidoStepDefinitions.queMeseroAccedeAlSistema()?[0m
  ?[32mY ?[0m?[32mexiste al menos una mesa disponible?[0m                                               ?[90m# stepdefinitions.CreacionDePedidoStepDefinitions.existeAlMenosUnaMesaDisponible()?[0m
  ?[32mCuando ?[0m?[32mel mesero selecciona la primera mesa disponible?[0m                              ?[90m# stepdefinitions.CreacionDePedidoStepDefinitions.elMeseroSeleccionaLaPrimeraMesaDisponible()?[0m
  ?[32mY ?[0m?[32mel mesero agrega el producto ?[0m?[32m?[1m"Vino Tinto Reserva"?[0m?[32m al pedido?[0m                       ?[90m# stepdefinitions.CreacionDePedidoStepDefinitions.elMeseroAgregaElProducto(java.lang.String)?[0m
  ?[32mY ?[0m?[32mel mesero agrega el producto ?[0m?[32m?[1m"Vino Tinto Reserva"?[0m?[32m al pedido?[0m                       ?[90m# stepdefinitions.CreacionDePedidoStepDefinitions.elMeseroAgregaElProducto(java.lang.String)?[0m
  ?[32mEntonces ?[0m?[32mel sistema debe mostrar el producto ?[0m?[32m?[1m"Vino Tinto Reserva"?[0m?[32m con cantidad ?[0m?[32m?[1m"x2"?[0m ?[90m# stepdefinitions.CreacionDePedidoStepDefinitions.elSistemaDebeMostrarElProductoConCantidad(java.lang.String,java.lang.String)?[0m
  ?[32mY ?[0m?[32mel total de items debe ser ?[0m?[32m?[1m"2"?[0m                                                    ?[90m# stepdefinitions.CreacionDePedidoStepDefinitions.elTotalDeItemsDebeSer(java.lang.String)?[0m

@escenario4 @wip
Escenario: Sistema valida que el pedido tenga al menos un producto ?[90m# features/HU_QA_001_CreacionDePedido.feature:42?[0m
  ?[32mDado ?[0m?[32mque el mesero accede al sistema de gestiÃ³n de pedidos?[0m       ?[90m# stepdefinitions.CreacionDePedidoStepDefinitions.queMeseroAccedeAlSistema()?[0m
  ?[32mCuando ?[0m?[32mel mesero selecciona la mesa ?[0m?[32m?[1m"D4"?[0m                         ?[90m# stepdefinitions.CreacionDePedidoStepDefinitions.elMeseroSeleccionaLaMesa(java.lang.String)?[0m
  ?[32mY ?[0m?[32mel pedido estÃ¡ vacÃ­o?[0m                                           ?[90m# stepdefinitions.CreacionDePedidoStepDefinitions.elPedidoEstaVacio()?[0m
  ?[32mEntonces ?[0m?[32mel botÃ³n enviar debe estar deshabilitado?[0m                ?[90m# stepdefinitions.CreacionDePedidoStepDefinitions.elBotonEnviarDebeEstarDeshabilitado()?[0m

@escenario5 @wip
Escenario: Sistema valida que se haya seleccionado una mesa  ?[90m# features/HU_QA_001_CreacionDePedido.feature:49?[0m
  ?[32mDado ?[0m?[32mque el mesero accede al sistema de gestiÃ³n de pedidos?[0m ?[90m# stepdefinitions.CreacionDePedidoStepDefinitions.queMeseroAccedeAlSistema()?[0m
  ?[32mY ?[0m?[32mel mesero agrega el producto ?[0m?[32m?[1m"Ensalada CÃ©sar"?[0m?[32m al pedido?[0m  ?[90m# stepdefinitions.CreacionDePedidoStepDefinitions.elMeseroAgregaElProducto(java.lang.String)?[0m
  ?[32mY ?[0m?[32mno hay ninguna mesa seleccionada?[0m                         ?[90m# stepdefinitions.CreacionDePedidoStepDefinitions.noHayNingunaMesaSeleccionada()?[0m
  ?[32mEntonces ?[0m?[32mel botÃ³n enviar debe estar deshabilitado?[0m          ?[90m# stepdefinitions.CreacionDePedidoStepDefinitions.elBotonEnviarDebeEstarDeshabilitado()?[0m

Escenario: Espera implÃ­cita al buscar elemento que se agrega al DOM despuÃ©s de un delay ?[90m# features/carga_dinamica.feature:8?[0m
  ?[32mDado ?[0m?[32mque el usuario abre la pagina de carga dinamica?[0m                                  ?[90m# stepdefinitions.CargaDinamicaStepDefinition.queElUsuarioAbreLaPaginaDeCargaDinamica()?[0m
  ?[32mCuando ?[0m?[32mel usuario hace clic en el boton de inicio?[0m                                     ?[90m# stepdefinitions.CargaDinamicaStepDefinition.elUsuarioHaceClicEnElBotonDeInicio()?[0m
  ?[32mEntonces ?[0m?[32mdebe aparecer el mensaje ?[0m?[32m?[1m"Hello World!"?[0m                                      ?[90m# stepdefinitions.CargaDinamicaStepDefinition.debeAparecerElMensaje(java.lang.String)?[0m
]]></system-out>
  <system-err><![CDATA[ene. 12, 2026 10:47:20 P. M. org.openqa.selenium.devtools.CdpVersionFinder findNearestMatch
WARNING: Unable to find CDP implementation matching 143
ene. 12, 2026 10:47:20 P. M. org.openqa.selenium.chromium.ChromiumDriver lambda$new$5
WARNING: Unable to find version of CDP to use for 143.0.7499.193. You may need to include a dependency on a specific version of the CDP using something similar to `org.seleniumhq.selenium:selenium-devtools-v86:4.23.1` where the version ("v86") matches the version of the chromium-based browser you're using and the version number of the artifact is the same as Selenium's.
ene. 12, 2026 10:47:25 P. M. org.openqa.selenium.devtools.CdpVersionFinder findNearestMatch
WARNING: Unable to find CDP implementation matching 143
ene. 12, 2026 10:47:25 P. M. org.openqa.selenium.chromium.ChromiumDriver lambda$new$5
WARNING: Unable to find version of CDP to use for 143.0.7499.193. You may need to include a dependency on a specific version of the CDP using something similar to `org.seleniumhq.selenium:selenium-devtools-v86:4.23.1` where the version ("v86") matches the version of the chromium-based browser you're using and the version number of the artifact is the same as Selenium's.
ene. 12, 2026 10:47:32 P. M. org.openqa.selenium.devtools.CdpVersionFinder findNearestMatch
WARNING: Unable to find CDP implementation matching 143
ene. 12, 2026 10:47:32 P. M. org.openqa.selenium.chromium.ChromiumDriver lambda$new$5
WARNING: Unable to find version of CDP to use for 143.0.7499.193. You may need to include a dependency on a specific version of the CDP using something similar to `org.seleniumhq.selenium:selenium-devtools-v86:4.23.1` where the version ("v86") matches the version of the chromium-based browser you're using and the version number of the artifact is the same as Selenium's.
ene. 12, 2026 10:47:38 P. M. org.openqa.selenium.devtools.CdpVersionFinder findNearestMatch
WARNING: Unable to find CDP implementation matching 143
ene. 12, 2026 10:47:38 P. M. org.openqa.selenium.chromium.ChromiumDriver lambda$new$5
WARNING: Unable to find version of CDP to use for 143.0.7499.193. You may need to include a dependency on a specific version of the CDP using something similar to `org.seleniumhq.selenium:selenium-devtools-v86:4.23.1` where the version ("v86") matches the version of the chromium-based browser you're using and the version number of the artifact is the same as Selenium's.
]]></system-err>
</testsuite>
