<?xml version="1.0" encoding="UTF-8"?>
<testsuite name="runners.CreacionDePedidoRunner" tests="3" skipped="0" failures="0" errors="0" timestamp="2026-01-13T03:47:05" hostname="TACSUNE" time="13.285">
  <properties/>
  <testcase name="Mesero crea pedido con una bebida para una mesa disponible" classname="runners.CreacionDePedidoRunner" time="4.401"/>
  <testcase name="Mesero crea pedido mixto con bebida, plato caliente y ensalada" classname="runners.CreacionDePedidoRunner" time="4.096"/>
  <testcase name="Mesero agrega el mismo producto varias veces" classname="runners.CreacionDePedidoRunner" time="4.788"/>
  <system-out><![CDATA[]]></system-out>
  <system-err><![CDATA[ene. 12, 2026 10:47:07 P. M. org.openqa.selenium.devtools.CdpVersionFinder findNearestMatch
WARNING: Unable to find CDP implementation matching 143
ene. 12, 2026 10:47:07 P. M. org.openqa.selenium.chromium.ChromiumDriver lambda$new$5
WARNING: Unable to find version of CDP to use for 143.0.7499.193. You may need to include a dependency on a specific version of the CDP using something similar to `org.seleniumhq.selenium:selenium-devtools-v86:4.23.1` where the version ("v86") matches the version of the chromium-based browser you're using and the version number of the artifact is the same as Selenium's.
ene. 12, 2026 10:47:11 P. M. org.openqa.selenium.devtools.CdpVersionFinder findNearestMatch
WARNING: Unable to find CDP implementation matching 143
ene. 12, 2026 10:47:11 P. M. org.openqa.selenium.chromium.ChromiumDriver lambda$new$5
WARNING: Unable to find version of CDP to use for 143.0.7499.193. You may need to include a dependency on a specific version of the CDP using something similar to `org.seleniumhq.selenium:selenium-devtools-v86:4.23.1` where the version ("v86") matches the version of the chromium-based browser you're using and the version number of the artifact is the same as Selenium's.
ene. 12, 2026 10:47:15 P. M. org.openqa.selenium.devtools.CdpVersionFinder findNearestMatch
WARNING: Unable to find CDP implementation matching 143
ene. 12, 2026 10:47:15 P. M. org.openqa.selenium.chromium.ChromiumDriver lambda$new$5
WARNING: Unable to find version of CDP to use for 143.0.7499.193. You may need to include a dependency on a specific version of the CDP using something similar to `org.seleniumhq.selenium:selenium-devtools-v86:4.23.1` where the version ("v86") matches the version of the chromium-based browser you're using and the version number of the artifact is the same as Selenium's.
]]></system-err>
</testsuite>
