<?xml version="1.0" encoding="UTF-8"?>
<testsuite name="runners.ConsultarTareasPorEstacionRunner" tests="5" skipped="0" failures="4" errors="0" timestamp="2026-01-13T04:29:34" hostname="TACSUNE" time="35.519">
  <properties/>
  <testcase name="Estación de barra muestra tareas cuando hay pedidos de bebidas" classname="runners.ConsultarTareasPorEstacionRunner" time="4.08">
    <failure message="io.cucumber.junit.UndefinedStepException: The step 'que el mesero ha seleccionado la mesa &quot;A1&quot;' and 1 other step(s) are undefined.&#10;You can implement these steps using the snippet(s) below:&#10;&#10;@Dado(&quot;que el mesero ha seleccionado la mesa {string}&quot;)&#10;public void queElMeseroHaSeleccionadoLaMesa(String string) {&#10;    // Write code here that turns the phrase above into concrete actions&#10;    throw new io.cucumber.java.PendingException();&#10;}&#10;@Dado(&quot;el mesero ha agregado {string} al pedido&quot;)&#10;public void elMeseroHaAgregadoAlPedido(String string) {&#10;    // Write code here that turns the phrase above into concrete actions&#10;    throw new io.cucumber.java.PendingException();&#10;}&#10;" type="io.cucumber.junit.UndefinedStepException">io.cucumber.junit.UndefinedStepException: The step 'que el mesero ha seleccionado la mesa &quot;A1&quot;' and 1 other step(s) are undefined.
You can implement these steps using the snippet(s) below:

@Dado(&quot;que el mesero ha seleccionado la mesa {string}&quot;)
public void queElMeseroHaSeleccionadoLaMesa(String string) {
    // Write code here that turns the phrase above into concrete actions
    throw new io.cucumber.java.PendingException();
}
@Dado(&quot;el mesero ha agregado {string} al pedido&quot;)
public void elMeseroHaAgregadoAlPedido(String string) {
    // Write code here that turns the phrase above into concrete actions
    throw new io.cucumber.java.PendingException();
}

</failure>
  </testcase>
  <testcase name="Estación sin tareas muestra mensaje correcto" classname="runners.ConsultarTareasPorEstacionRunner" time="23.913"/>
  <testcase name="Cada tarea muestra información completa de preparación" classname="runners.ConsultarTareasPorEstacionRunner" time="3.868">
    <failure message="io.cucumber.junit.UndefinedStepException: The step 'que el mesero ha seleccionado la mesa &quot;C3&quot;' and 1 other step(s) are undefined.&#10;You can implement these steps using the snippet(s) below:&#10;&#10;@Dado(&quot;que el mesero ha seleccionado la mesa {string}&quot;)&#10;public void queElMeseroHaSeleccionadoLaMesa(String string) {&#10;    // Write code here that turns the phrase above into concrete actions&#10;    throw new io.cucumber.java.PendingException();&#10;}&#10;@Dado(&quot;el mesero ha agregado {string} al pedido&quot;)&#10;public void elMeseroHaAgregadoAlPedido(String string) {&#10;    // Write code here that turns the phrase above into concrete actions&#10;    throw new io.cucumber.java.PendingException();&#10;}&#10;" type="io.cucumber.junit.UndefinedStepException">io.cucumber.junit.UndefinedStepException: The step 'que el mesero ha seleccionado la mesa &quot;C3&quot;' and 1 other step(s) are undefined.
You can implement these steps using the snippet(s) below:

@Dado(&quot;que el mesero ha seleccionado la mesa {string}&quot;)
public void queElMeseroHaSeleccionadoLaMesa(String string) {
    // Write code here that turns the phrase above into concrete actions
    throw new io.cucumber.java.PendingException();
}
@Dado(&quot;el mesero ha agregado {string} al pedido&quot;)
public void elMeseroHaAgregadoAlPedido(String string) {
    // Write code here that turns the phrase above into concrete actions
    throw new io.cucumber.java.PendingException();
}

</failure>
  </testcase>
  <testcase name="Múltiples pedidos generan múltiples tareas visibles" classname="runners.ConsultarTareasPorEstacionRunner" time="1.027">
    <failure message="io.cucumber.junit.UndefinedStepException: The step 'que el mesero ha seleccionado la mesa &quot;D4&quot;' and 3 other step(s) are undefined.&#10;You can implement these steps using the snippet(s) below:&#10;&#10;@Dado(&quot;que el mesero ha seleccionado la mesa {string}&quot;)&#10;public void queElMeseroHaSeleccionadoLaMesa(String string) {&#10;    // Write code here that turns the phrase above into concrete actions&#10;    throw new io.cucumber.java.PendingException();&#10;}&#10;@Dado(&quot;el mesero ha agregado {string} al pedido&quot;)&#10;public void elMeseroHaAgregadoAlPedido(String string) {&#10;    // Write code here that turns the phrase above into concrete actions&#10;    throw new io.cucumber.java.PendingException();&#10;}&#10;@Dado(&quot;el mesero ha seleccionado la mesa {string}&quot;)&#10;public void elMeseroHaSeleccionadoLaMesa(String string) {&#10;    // Write code here that turns the phrase above into concrete actions&#10;    throw new io.cucumber.java.PendingException();&#10;}&#10;" type="io.cucumber.junit.UndefinedStepException">io.cucumber.junit.UndefinedStepException: The step 'que el mesero ha seleccionado la mesa &quot;D4&quot;' and 3 other step(s) are undefined.
You can implement these steps using the snippet(s) below:

@Dado(&quot;que el mesero ha seleccionado la mesa {string}&quot;)
public void queElMeseroHaSeleccionadoLaMesa(String string) {
    // Write code here that turns the phrase above into concrete actions
    throw new io.cucumber.java.PendingException();
}
@Dado(&quot;el mesero ha agregado {string} al pedido&quot;)
public void elMeseroHaAgregadoAlPedido(String string) {
    // Write code here that turns the phrase above into concrete actions
    throw new io.cucumber.java.PendingException();
}
@Dado(&quot;el mesero ha seleccionado la mesa {string}&quot;)
public void elMeseroHaSeleccionadoLaMesa(String string) {
    // Write code here that turns the phrase above into concrete actions
    throw new io.cucumber.java.PendingException();
}

</failure>
  </testcase>
  <testcase name="Pedido mixto genera tareas en diferentes estaciones" classname="runners.ConsultarTareasPorEstacionRunner" time="2.631">
    <failure message="io.cucumber.junit.UndefinedStepException: The step 'que el mesero ha seleccionado la mesa &quot;G7&quot;' and 3 other step(s) are undefined.&#10;You can implement these steps using the snippet(s) below:&#10;&#10;@Dado(&quot;que el mesero ha seleccionado la mesa {string}&quot;)&#10;public void queElMeseroHaSeleccionadoLaMesa(String string) {&#10;    // Write code here that turns the phrase above into concrete actions&#10;    throw new io.cucumber.java.PendingException();&#10;}&#10;@Dado(&quot;el mesero ha agregado {string} al pedido&quot;)&#10;public void elMeseroHaAgregadoAlPedido(String string) {&#10;    // Write code here that turns the phrase above into concrete actions&#10;    throw new io.cucumber.java.PendingException();&#10;}&#10;" type="io.cucumber.junit.UndefinedStepException">io.cucumber.junit.UndefinedStepException: The step 'que el mesero ha seleccionado la mesa &quot;G7&quot;' and 3 other step(s) are undefined.
You can implement these steps using the snippet(s) below:

@Dado(&quot;que el mesero ha seleccionado la mesa {string}&quot;)
public void queElMeseroHaSeleccionadoLaMesa(String string) {
    // Write code here that turns the phrase above into concrete actions
    throw new io.cucumber.java.PendingException();
}
@Dado(&quot;el mesero ha agregado {string} al pedido&quot;)
public void elMeseroHaAgregadoAlPedido(String string) {
    // Write code here that turns the phrase above into concrete actions
    throw new io.cucumber.java.PendingException();
}

</failure>
  </testcase>
  <system-out><![CDATA[]]></system-out>
  <system-err><![CDATA[ene. 12, 2026 11:29:36 P. M. org.openqa.selenium.devtools.CdpVersionFinder findNearestMatch
WARNING: Unable to find CDP implementation matching 143
ene. 12, 2026 11:29:36 P. M. org.openqa.selenium.chromium.ChromiumDriver lambda$new$5
WARNING: Unable to find version of CDP to use for 143.0.7499.193. You may need to include a dependency on a specific version of the CDP using something similar to `org.seleniumhq.selenium:selenium-devtools-v86:4.23.1` where the version ("v86") matches the version of the chromium-based browser you're using and the version number of the artifact is the same as Selenium's.
ene. 12, 2026 11:29:39 P. M. org.openqa.selenium.devtools.CdpVersionFinder findNearestMatch
WARNING: Unable to find CDP implementation matching 143
ene. 12, 2026 11:29:39 P. M. org.openqa.selenium.chromium.ChromiumDriver lambda$new$5
WARNING: Unable to find version of CDP to use for 143.0.7499.193. You may need to include a dependency on a specific version of the CDP using something similar to `org.seleniumhq.selenium:selenium-devtools-v86:4.23.1` where the version ("v86") matches the version of the chromium-based browser you're using and the version number of the artifact is the same as Selenium's.
ene. 12, 2026 11:30:02 P. M. org.openqa.selenium.devtools.CdpVersionFinder findNearestMatch
WARNING: Unable to find CDP implementation matching 143
ene. 12, 2026 11:30:02 P. M. org.openqa.selenium.chromium.ChromiumDriver lambda$new$5
WARNING: Unable to find version of CDP to use for 143.0.7499.193. You may need to include a dependency on a specific version of the CDP using something similar to `org.seleniumhq.selenium:selenium-devtools-v86:4.23.1` where the version ("v86") matches the version of the chromium-based browser you're using and the version number of the artifact is the same as Selenium's.
ene. 12, 2026 11:30:06 P. M. org.openqa.selenium.devtools.CdpVersionFinder findNearestMatch
WARNING: Unable to find CDP implementation matching 143
ene. 12, 2026 11:30:06 P. M. org.openqa.selenium.chromium.ChromiumDriver lambda$new$5
WARNING: Unable to find version of CDP to use for 143.0.7499.193. You may need to include a dependency on a specific version of the CDP using something similar to `org.seleniumhq.selenium:selenium-devtools-v86:4.23.1` where the version ("v86") matches the version of the chromium-based browser you're using and the version number of the artifact is the same as Selenium's.
ene. 12, 2026 11:30:07 P. M. org.openqa.selenium.devtools.CdpVersionFinder findNearestMatch
WARNING: Unable to find CDP implementation matching 143
ene. 12, 2026 11:30:07 P. M. org.openqa.selenium.chromium.ChromiumDriver lambda$new$5
WARNING: Unable to find version of CDP to use for 143.0.7499.193. You may need to include a dependency on a specific version of the CDP using something similar to `org.seleniumhq.selenium:selenium-devtools-v86:4.23.1` where the version ("v86") matches the version of the chromium-based browser you're using and the version number of the artifact is the same as Selenium's.
]]></system-err>
</testsuite>
