<?xml version="1.0" encoding="UTF-8" standalone="no"?><testsuite errors="0" failures="0" name="HU-QA-003 - Verificar consulta de tareas por estación de cocina" skipped="4" tests="5" time="34.79" timestamp="2026-01-12 11:29:34"><testcase name="Estación de barra muestra tareas cuando hay pedidos de bebidas"><skipped/></testcase><testcase name="Estación sin tareas muestra mensaje correcto"/><testcase name="Cada tarea muestra información completa de preparación"><skipped/></testcase><testcase name="Múltiples pedidos generan múltiples tareas visibles"><skipped/></testcase><testcase name="Pedido mixto genera tareas en diferentes estaciones"><skipped/></testcase></testsuite>