<?xml version="1.0" encoding="UTF-8" standalone="no"?><testsuite errors="0" failures="0" name="HU-QA-001 - Verificar flujo completo de creación de pedido" skipped="0" tests="5" time="28.31" timestamp="2026-01-13 12:55:29"><testcase name="Mesero crea pedido con una bebida para una mesa disponible"/><testcase name="Mesero crea pedido mixto con bebida, plato caliente y ensalada"/><testcase name="Mesero agrega el mismo producto varias veces"/><testcase name="Sistema valida que el pedido tenga al menos un producto"/><testcase name="Sistema valida que se haya seleccionado una mesa"/></testsuite>