<?xml version="1.0" encoding="UTF-8" standalone="no"?><testsuite errors="0" failures="0" name="HU-QA-002 - Verificar modificación de pedidos antes de enviar" skipped="0" tests="4" time="56.16" timestamp="2026-01-12 11:13:44"><testcase name="Mesero elimina un producto que el cliente ya no desea"/><testcase name="Cliente solicita menos unidades de un producto"/><testcase name="Cliente cancela completamente un producto"/><testcase name="Mesero modifica pedido múltiples veces antes de enviar"/></testsuite>