<?xml version="1.0" encoding="UTF-8" standalone="no"?><testsuite errors="0" failures="0" name="HU-QA-003 - Verificar consulta de tareas por estación de cocina" skipped="0" tests="5" time="40.42" timestamp="2026-01-13 01:22:41"><testcase name="Estación de barra muestra tareas de bebidas"/><testcase name="Estación de cocina caliente muestra tareas de platos calientes"/><testcase name="Estación de cocina fría muestra tareas de ensaladas"/><testcase name="Cada tarea muestra información completa"/><testcase name="Navegación entre estaciones funciona correctamente"/></testsuite>